<?xml version="1.0" encoding="UTF-8"?>
<robot generator="Robot 3.1.2 (Python 3.7.4 on win32)" generated="20190917 15:54:38.265" rpa="false">
<suite id="s1" name="Test Started" source="c:\workspace\PageObjectLibrary\tests\test_started.robot">
<kw name="Open Browser" library="SeleniumLibrary" type="setup">
<doc>Opens a new browser instance to the given ``url``.</doc>
<arguments>
<arg>${ROOT}</arg>
<arg>${BROWSER}</arg>
</arguments>
<msg timestamp="20190917 15:54:38.467" level="INFO">Opening browser 'firefox' to base url 'https://dev.fitbit.com/'.</msg>
<status status="PASS" starttime="20190917 15:54:38.467" endtime="20190917 15:54:45.806"></status>
</kw>
<test id="s1-t1" name="Verify details of getting started page">
<kw name="Go To Page" library="PageObjectLibrary" type="setup">
<tags>
<tag>page-object</tag>
<tag>selenium</tag>
</tags>
<doc>Go to the url for the given page object.</doc>
<arguments>
<arg>StartedPage</arg>
</arguments>
<msg timestamp="20190917 15:54:45.823" level="INFO">Opening url 'https://dev.fitbit.com/getting-started'</msg>
<msg timestamp="20190917 15:54:46.362" level="INFO">Getting Started</msg>
<status status="PASS" starttime="20190917 15:54:45.808" endtime="20190917 15:54:46.363"></status>
</kw>
<kw name="Verify Started Page" library="StartedPage">
<msg timestamp="20190917 15:54:46.402" level="INFO">Heading of page is "Getting Started " </msg>
<msg timestamp="20190917 15:54:46.402" level="INFO">Heading of page is "Get started with the Fitbit Software Development Kit (SDK), you can quickly create apps and clock faces for Fitbit OS devices, such as Fitbit Ionic, Fitbit Versa, and Fitbit Versa Lite. " </msg>
<status status="PASS" starttime="20190917 15:54:46.363" endtime="20190917 15:54:46.403"></status>
</kw>
<kw name="Verify Tab Options" library="StartedPage">
<arguments>
<arg>${tab_options}</arg>
</arguments>
<msg timestamp="20190917 15:54:46.404" level="INFO">Getting Started Build Manage Community</msg>
<msg timestamp="20190917 15:54:46.404" level="INFO">&lt;class 'str'&gt;</msg>
<msg timestamp="20190917 15:54:46.404" level="INFO">['', 'Build Manage Community']</msg>
<msg timestamp="20190917 15:54:46.404" level="INFO">options_list is ['Getting Started', 'Build', 'Manage', 'Community']</msg>
<msg timestamp="20190917 15:54:46.404" level="INFO">locator_name is xpath=//a[@href='/{n}/']</msg>
<msg timestamp="20190917 15:54:46.404" level="INFO">xpath=//a[@href='/getting-started/']</msg>
<msg timestamp="20190917 15:54:46.425" level="INFO">Element 'xpath=//a[@href='/getting-started/']' is displayed.</msg>
<msg timestamp="20190917 15:54:46.425" level="INFO">locator_name is xpath=//a[@href='/{n}/']</msg>
<msg timestamp="20190917 15:54:46.425" level="INFO">xpath=//a[@href='/build/']</msg>
<msg timestamp="20190917 15:54:46.446" level="INFO">Element 'xpath=//a[@href='/build/']' is displayed.</msg>
<msg timestamp="20190917 15:54:46.446" level="INFO">locator_name is xpath=//a[@href='/{n}/']</msg>
<msg timestamp="20190917 15:54:46.446" level="INFO">xpath=//a[@href='/manage/']</msg>
<msg timestamp="20190917 15:54:46.467" level="INFO">Element 'xpath=//a[@href='/manage/']' is displayed.</msg>
<msg timestamp="20190917 15:54:46.467" level="INFO">locator_name is xpath=//a[@href='/{n}/']</msg>
<msg timestamp="20190917 15:54:46.467" level="INFO">xpath=//a[@href='/community/']</msg>
<msg timestamp="20190917 15:54:46.492" level="INFO">Element 'xpath=//a[@href='/community/']' is displayed.</msg>
<status status="PASS" starttime="20190917 15:54:46.404" endtime="20190917 15:54:46.492"></status>
</kw>
<doc>Go to getting started page and verify details on the page</doc>
<status status="PASS" starttime="20190917 15:54:45.807" endtime="20190917 15:54:46.493" critical="yes"></status>
</test>
<test id="s1-t2" name="Verify that user can search and is redirected to the page">
<kw name="Go To Page" library="PageObjectLibrary" type="setup">
<tags>
<tag>page-object</tag>
<tag>selenium</tag>
</tags>
<doc>Go to the url for the given page object.</doc>
<arguments>
<arg>StartedPage</arg>
</arguments>
<msg timestamp="20190917 15:54:46.510" level="INFO">Opening url 'https://dev.fitbit.com/getting-started'</msg>
<msg timestamp="20190917 15:54:46.913" level="INFO">Getting Started</msg>
<status status="PASS" starttime="20190917 15:54:46.495" endtime="20190917 15:54:46.914"></status>
</kw>
<kw name="Verify Goto Guides Page" library="GuidesPage.GuidesPage">
<msg timestamp="20190917 15:54:57.104" level="INFO">here</msg>
<status status="PASS" starttime="20190917 15:54:46.915" endtime="20190917 15:54:57.104"></status>
</kw>
<doc>Verify that user can search and is redirected to the page</doc>
<status status="PASS" starttime="20190917 15:54:46.494" endtime="20190917 15:54:57.106" critical="yes"></status>
</test>
<kw name="Close All Browsers" library="SeleniumLibrary" type="teardown">
<doc>Closes all open browsers and resets the browser cache.</doc>
<status status="PASS" starttime="20190917 15:54:57.113" endtime="20190917 15:54:58.350"></status>
</kw>
<status status="PASS" starttime="20190917 15:54:38.266" endtime="20190917 15:54:58.350"></status>
</suite>
<statistics>
<total>
<stat pass="2" fail="0">Critical Tests</stat>
<stat pass="2" fail="0">All Tests</stat>
</total>
<tag>
</tag>
<suite>
<stat pass="2" fail="0" id="s1" name="Test Started">Test Started</stat>
</suite>
</statistics>
<errors>
</errors>
</robot>
