<?xml version="1.0" encoding="UTF-8"?>
<robot generator="Robot 3.1.2 (Python 3.7.4 on win32)" generated="20190920 10:42:55.081" rpa="false">
<suite id="s1" name="Test Started" source="c:\workspace\GitRepos\Page_Object_Framework_UI\tests\test_started.robot">
<kw name="Open Browser" library="SeleniumLibrary" type="setup">
<doc>Opens a new browser instance to the given ``url``.</doc>
<arguments>
<arg>${ROOT}</arg>
<arg>${BROWSER}</arg>
</arguments>
<msg timestamp="20190920 10:42:55.335" level="INFO">Opening browser 'firefox' to base url 'https://dev.fitbit.com/'.</msg>
<status status="PASS" starttime="20190920 10:42:55.334" endtime="20190920 10:43:07.444"></status>
</kw>
<test id="s1-t1" name="Verify details of getting started page">
<kw name="Go To Page" library="PageObjectLibrary" type="setup">
<tags>
<tag>page-object</tag>
<tag>selenium</tag>
</tags>
<doc>Go to the url for the given page object.</doc>
<arguments>
<arg>StartedPage</arg>
</arguments>
<msg timestamp="20190920 10:43:07.494" level="INFO">Opening url 'https://dev.fitbit.com/getting-started'</msg>
<msg timestamp="20190920 10:43:09.372" level="INFO">location is https://dev.fitbit.com/getting-started/</msg>
<status status="PASS" starttime="20190920 10:43:07.451" endtime="20190920 10:43:09.373"></status>
</kw>
<kw name="Verify Started Page" library="StartedPage">
<msg timestamp="20190920 10:43:09.509" level="INFO">Heading of page is "Getting Started " </msg>
<msg timestamp="20190920 10:43:09.510" level="INFO">Heading of page is "Get started with the Fitbit Software Development Kit (SDK), you can quickly create apps and clock faces for Fitbit OS devices, such as Fitbit Ionic, Fitbit Versa, and Fitbit Versa Lite. " </msg>
<status status="PASS" starttime="20190920 10:43:09.375" endtime="20190920 10:43:09.510"></status>
</kw>
<kw name="Verify Tab Options" library="StartedPage">
<arguments>
<arg>${tab_options}</arg>
</arguments>
<msg timestamp="20190920 10:43:09.513" level="INFO">Getting Started Build Manage Community</msg>
<msg timestamp="20190920 10:43:09.513" level="INFO">&lt;class 'str'&gt;</msg>
<msg timestamp="20190920 10:43:09.513" level="INFO">['', 'Build Manage Community']</msg>
<msg timestamp="20190920 10:43:09.513" level="INFO">options_list is ['Getting Started', 'Build', 'Manage', 'Community']</msg>
<msg timestamp="20190920 10:43:09.514" level="INFO">locator_name is xpath=//a[@href='/{n}/']</msg>
<msg timestamp="20190920 10:43:09.514" level="INFO">xpath=//a[@href='/getting-started/']</msg>
<msg timestamp="20190920 10:43:09.597" level="INFO">Element 'xpath=//a[@href='/getting-started/']' is displayed.</msg>
<msg timestamp="20190920 10:43:09.597" level="INFO">locator_name is xpath=//a[@href='/{n}/']</msg>
<msg timestamp="20190920 10:43:09.597" level="INFO">xpath=//a[@href='/build/']</msg>
<msg timestamp="20190920 10:43:09.656" level="INFO">Element 'xpath=//a[@href='/build/']' is displayed.</msg>
<msg timestamp="20190920 10:43:09.656" level="INFO">locator_name is xpath=//a[@href='/{n}/']</msg>
<msg timestamp="20190920 10:43:09.656" level="INFO">xpath=//a[@href='/manage/']</msg>
<msg timestamp="20190920 10:43:09.699" level="INFO">Element 'xpath=//a[@href='/manage/']' is displayed.</msg>
<msg timestamp="20190920 10:43:09.700" level="INFO">locator_name is xpath=//a[@href='/{n}/']</msg>
<msg timestamp="20190920 10:43:09.700" level="INFO">xpath=//a[@href='/community/']</msg>
<msg timestamp="20190920 10:43:09.745" level="INFO">Element 'xpath=//a[@href='/community/']' is displayed.</msg>
<status status="PASS" starttime="20190920 10:43:09.512" endtime="20190920 10:43:09.745"></status>
</kw>
<doc>Go to getting started page and verify details on the page</doc>
<status status="PASS" starttime="20190920 10:43:07.445" endtime="20190920 10:43:09.747" critical="yes"></status>
</test>
<test id="s1-t2" name="Verify that user can search in the search box">
<kw name="Go To Page" library="PageObjectLibrary" type="setup">
<tags>
<tag>page-object</tag>
<tag>selenium</tag>
</tags>
<doc>Go to the url for the given page object.</doc>
<arguments>
<arg>StartedPage</arg>
</arguments>
<msg timestamp="20190920 10:43:09.782" level="INFO">Opening url 'https://dev.fitbit.com/getting-started'</msg>
<msg timestamp="20190920 10:43:10.822" level="INFO">location is https://dev.fitbit.com/getting-started/</msg>
<status status="PASS" starttime="20190920 10:43:09.757" endtime="20190920 10:43:10.823"></status>
</kw>
<kw name="Verify Goto Guides Page" library="GuidesPage.GuidesPage">
<msg timestamp="20190920 10:43:21.057" level="INFO">the search box text is done</msg>
<status status="PASS" starttime="20190920 10:43:10.825" endtime="20190920 10:43:21.057"></status>
</kw>
<doc>Verify that user can search in the search box</doc>
<status status="PASS" starttime="20190920 10:43:09.754" endtime="20190920 10:43:21.059" critical="yes"></status>
</test>
<kw name="Close All Browsers" library="SeleniumLibrary" type="teardown">
<doc>Closes all open browsers and resets the browser cache.</doc>
<status status="PASS" starttime="20190920 10:43:21.068" endtime="20190920 10:43:23.206"></status>
</kw>
<status status="PASS" starttime="20190920 10:42:55.082" endtime="20190920 10:43:23.206"></status>
</suite>
<statistics>
<total>
<stat pass="2" fail="0">Critical Tests</stat>
<stat pass="2" fail="0">All Tests</stat>
</total>
<tag>
</tag>
<suite>
<stat pass="2" fail="0" id="s1" name="Test Started">Test Started</stat>
</suite>
</statistics>
<errors>
</errors>
</robot>
